1658820140695	geckodriver	INFO	Listening on 127.0.0.1:47349
1658820143759	mozrunner::runner	INFO	Running command: "C:\\Program Files\\Mozilla Firefox\\firefox.exe" "--marionette" "-foreground" "-no-remote" "-profile" "C:\\Users\\ZHANGB~1\\AppData\\Local\\Temp\\rust_mozprofileilf9vE"
1658820144631	Marionette	INFO	Marionette enabled
console.warn: SearchSettings: "get: No settings file exists, new profile?" (new NotFoundError("Could not open the file at C:\\Users\\ZHANGB~1\\AppData\\Local\\Temp\\rust_mozprofileilf9vE\\search.json.mozlz4", (void 0)))
1658820147447	Marionette	INFO	Listening on port 47370
1658820147480	RemoteAgent	WARN	TLS certificate errors will be ignored for this session
1658820183345	Marionette	INFO	Stopped listening on port 47370

###!!! [Parent][PGPUParent] Error: RunMessage(msgname=PGPU::Msg_ShutdownVR) Channel closing: too late to send/recv, messages will be lost

1658820404175	geckodriver	INFO	Listening on 127.0.0.1:48493
1658820407249	mozrunner::runner	INFO	Running command: "C:\\Program Files\\Mozilla Firefox\\firefox.exe" "--marionette" "-foreground" "-no-remote" "-profile" "C:\\Users\\ZHANGB~1\\AppData\\Local\\Temp\\rust_mozprofileOnziSt"
1658820486814	geckodriver	INFO	Listening on 127.0.0.1:48888
1658820489871	mozrunner::runner	INFO	Running command: "C:\\Program Files\\Mozilla Firefox\\firefox.exe" "--marionette" "-foreground" "-no-remote" "-profile" "C:\\Users\\ZHANGB~1\\AppData\\Local\\Temp\\rust_mozprofilezJ9uEt"
1658820490222	Marionette	INFO	Marionette enabled
1658820490227	Marionette	INFO	Listening on port 48906
1658820490493	RemoteAgent	WARN	TLS certificate errors will be ignored for this session
console.warn: SearchSettings: "get: No settings file exists, new profile?" (new NotFoundError("Could not open the file at C:\\Users\\ZHANGB~1\\AppData\\Local\\Temp\\rust_mozprofilezJ9uEt\\search.json.mozlz4", (void 0)))
console.warn: LoginRecipes: "getRecipes: falling back to a synchronous message for:" "http://192.168.99.158:9080"
console.warn: LoginRecipes: "getRecipes: falling back to a synchronous message for:" "http://192.168.99.158:9080"
1658820521587	Marionette	INFO	Stopped listening on port 48906
1658820595064	geckodriver	INFO	Listening on 127.0.0.1:49379
1658820598098	mozrunner::runner	INFO	Running command: "C:\\Program Files\\Mozilla Firefox\\firefox.exe" "--marionette" "-foreground" "-no-remote" "-profile" "C:\\Users\\ZHANGB~1\\AppData\\Local\\Temp\\rust_mozprofile0iAJQg"
1658820598469	Marionette	INFO	Marionette enabled
1658820598474	Marionette	INFO	Listening on port 49392
1658820598673	RemoteAgent	WARN	TLS certificate errors will be ignored for this session
console.warn: SearchSettings: "get: No settings file exists, new profile?" (new NotFoundError("Could not open the file at C:\\Users\\ZHANGB~1\\AppData\\Local\\Temp\\rust_mozprofile0iAJQg\\search.json.mozlz4", (void 0)))
1658820646740	Marionette	INFO	Stopped listening on port 49392
1658822200618	geckodriver	INFO	Listening on 127.0.0.1:55700
1658822203682	mozrunner::runner	INFO	Running command: "C:\\Program Files\\Mozilla Firefox\\firefox.exe" "--marionette" "-foreground" "-no-remote" "-profile" "C:\\Users\\ZHANGB~1\\AppData\\Local\\Temp\\rust_mozprofileGdgivv"
1658822204266	Marionette	INFO	Marionette enabled
1658822204272	Marionette	INFO	Listening on port 55714
1658822204769	RemoteAgent	WARN	TLS certificate errors will be ignored for this session
console.warn: SearchSettings: "get: No settings file exists, new profile?" (new NotFoundError("Could not open the file at C:\\Users\\ZHANGB~1\\AppData\\Local\\Temp\\rust_mozprofileGdgivv\\search.json.mozlz4", (void 0)))
console.warn: LoginRecipes: "getRecipes: falling back to a synchronous message for:" "http://192.168.99.158:9080"
console.warn: LoginRecipes: "getRecipes: falling back to a synchronous message for:" "http://192.168.99.158:9080"
JavaScript error: resource://gre/modules/LoginManagerParent.jsm, line 136: TypeError: gRecipeManager is null
1658822245780	Marionette	INFO	Stopped listening on port 55714
1658825686330	geckodriver	INFO	Listening on 127.0.0.1:4583
1658825689380	mozrunner::runner	INFO	Running command: "C:\\Program Files\\Mozilla Firefox\\firefox.exe" "--marionette" "-foreground" "-no-remote" "-profile" "C:\\Users\\ZHANGB~1\\AppData\\Local\\Temp\\rust_mozprofile511II0"
1658825689760	Marionette	INFO	Marionette enabled
1658825689765	Marionette	INFO	Listening on port 4599
1658825689967	RemoteAgent	WARN	TLS certificate errors will be ignored for this session
console.warn: SearchSettings: "get: No settings file exists, new profile?" (new NotFoundError("Could not open the file at C:\\Users\\ZHANGB~1\\AppData\\Local\\Temp\\rust_mozprofile511II0\\search.json.mozlz4", (void 0)))
console.warn: LoginRecipes: "getRecipes: falling back to a synchronous message for:" "http://192.168.99.158:9080"
console.warn: LoginRecipes: "getRecipes: falling back to a synchronous message for:" "http://192.168.99.158:9080"
JavaScript error: resource://gre/modules/LoginManagerParent.jsm, line 136: TypeError: gRecipeManager is null
1658825722930	Marionette	INFO	Stopped listening on port 4599
JavaScript error: http://192.168.99.158:9080/acp-custody/static/yss/1.0.0/js/yssUtil.js line 4 > srcScript, line 580: TypeError: getURIDataString(...) is null
1658825746612	geckodriver	INFO	Listening on 127.0.0.1:4855
1658825749657	mozrunner::runner	INFO	Running command: "C:\\Program Files\\Mozilla Firefox\\firefox.exe" "--marionette" "-foreground" "-no-remote" "-profile" "C:\\Users\\ZHANGB~1\\AppData\\Local\\Temp\\rust_mozprofileC1VhEW"
1658825750043	Marionette	INFO	Marionette enabled
1658825750047	Marionette	INFO	Listening on port 4869
1658825750246	RemoteAgent	WARN	TLS certificate errors will be ignored for this session
console.warn: SearchSettings: "get: No settings file exists, new profile?" (new NotFoundError("Could not open the file at C:\\Users\\ZHANGB~1\\AppData\\Local\\Temp\\rust_mozprofileC1VhEW\\search.json.mozlz4", (void 0)))
console.warn: LoginRecipes: "getRecipes: falling back to a synchronous message for:" "http://192.168.99.158:9080"
console.warn: LoginRecipes: "getRecipes: falling back to a synchronous message for:" "http://192.168.99.158:9080"
JavaScript error: resource://gre/modules/LoginManagerParent.jsm, line 136: TypeError: gRecipeManager is null
1658825785434	Marionette	INFO	Stopped listening on port 4869
[Parent 27932, IPC I/O Parent] WARNING: file /builds/worker/checkouts/gecko/ipc/chromium/src/base/process_util_win.cc:167
1658825815003	geckodriver	INFO	Listening on 127.0.0.1:5145
1658825818089	mozrunner::runner	INFO	Running command: "C:\\Program Files\\Mozilla Firefox\\firefox.exe" "--marionette" "-foreground" "-no-remote" "-profile" "C:\\Users\\ZHANGB~1\\AppData\\Local\\Temp\\rust_mozprofileq25XvX"
1658825818461	Marionette	INFO	Marionette enabled
1658825818465	Marionette	INFO	Listening on port 5167
1658825818665	RemoteAgent	WARN	TLS certificate errors will be ignored for this session
console.warn: SearchSettings: "get: No settings file exists, new profile?" (new NotFoundError("Could not open the file at C:\\Users\\ZHANGB~1\\AppData\\Local\\Temp\\rust_mozprofileq25XvX\\search.json.mozlz4", (void 0)))
console.warn: LoginRecipes: "getRecipes: falling back to a synchronous message for:" "http://192.168.99.158:9080"
console.warn: LoginRecipes: "getRecipes: falling back to a synchronous message for:" "http://192.168.99.158:9080"
1658825852933	Marionette	INFO	Stopped listening on port 5167
1658909653300	geckodriver	INFO	Listening on 127.0.0.1:31390
1658909656370	mozrunner::runner	INFO	Running command: "C:\\Program Files\\Mozilla Firefox\\firefox.exe" "--marionette" "--headless" "-foreground" "-no-remote" "-profile" "C:\\Users\\ZHANGB~1\\AppData\\Local\\Temp\\rust_mozprofilePRo219"
*** You are running in headless mode.
1658909660965	Marionette	INFO	Marionette enabled
1658909660970	Marionette	INFO	Listening on port 31409
1658909661466	RemoteAgent	WARN	TLS certificate errors will be ignored for this session
[GFX1-]: RenderCompositorSWGL failed mapping default framebuffer, no dt
console.warn: SearchSettings: "get: No settings file exists, new profile?" (new NotFoundError("Could not open the file at C:\\Users\\ZHANGB~1\\AppData\\Local\\Temp\\rust_mozprofilePRo219\\search.json.mozlz4", (void 0)))
console.error: Region.jsm: "Error fetching region" (new Error("TIMEOUT", "resource://gre/modules/Region.jsm", 767))
console.error: Region.jsm: "Failed to fetch region" (new Error("TIMEOUT", "resource://gre/modules/Region.jsm", 419))
JavaScript error: http://192.168.99.158:9080/acp-custody/static/yss/1.0.0/js/common.js, line 92: ReferenceError: $ is not defined
JavaScript error: http://192.168.99.158:9080/acp-custody/static/yss/1.0.0/js/jquery.backstretch.min.js, line 4: ReferenceError: jQuery is not defined
JavaScript error: http://192.168.99.158:9080/acp-custody/static/yss/1.0.0/yssPath.js, line 3: ReferenceError: udesk is not defined
JavaScript error: , line 0: NotFoundError: Could not move source file(C:\Users\ZHANGB~1\AppData\Local\Temp\rust_mozprofilePRo219\bookmarkbackups\bookmarks-2022-07-27_26_HN3QheoSxAEfb8JGYbcSuA==.jsonlz4) because it does not exist
JavaScript error: , line 0: NS_ERROR_NOT_AVAILABLE
JavaScript error: , line 0: NS_ERROR_NOT_AVAILABLE
JavaScript error: , line 0: NS_ERROR_NOT_AVAILABLE
JavaScript error: , line 0: NS_ERROR_NOT_AVAILABLE
JavaScript error: , line 0: NS_ERROR_NOT_AVAILABLE
JavaScript error: , line 0: NS_ERROR_NOT_AVAILABLE
JavaScript error: , line 0: uncaught exception: null
JavaScript error: , line 0: uncaught exception: null
JavaScript error: , line 0: uncaught exception: null
JavaScript error: , line 0: uncaught exception: null
JavaScript error: , line 0: uncaught exception: null
JavaScript error: , line 0: uncaught exception: null
JavaScript error: , line 0: uncaught exception: null
JavaScript error: , line 0: uncaught exception: null
JavaScript error: resource://gre/modules/PromiseWorker.jsm, line 106: Error: Could not get children of file(C:\Users\ZHANGB~1\AppData\Local\Temp\rust_mozprofilePRo219\thumbnails) because it does not exist
JavaScript error: , line 0: uncaught exception: null
JavaScript error: , line 0: uncaught exception: null
JavaScript error: , line 0: uncaught exception: null
JavaScript error: , line 0: uncaught exception: null
JavaScript error: , line 0: uncaught exception: null
JavaScript error: , line 0: uncaught exception: null
console.error: services.settings: 
  Message: AbortError: IndexedDB: main/normandy-recipes-capabilities getLastModified() IndexedDB:  execute() A request was aborted, for example through a call to IDBTransaction.abort.
JavaScript error: , line 0: uncaught exception: null
JavaScript error: , line 0: NS_ERROR_NOT_AVAILABLE
JavaScript error: , line 0: uncaught exception: null
JavaScript error: , line 0: uncaught exception: null
JavaScript error: , line 0: uncaught exception: null
JavaScript error: , line 0: uncaught exception: null
JavaScript error: , line 0: uncaught exception: null
JavaScript error: resource://gre/modules/PromiseWorker.jsm, line 106: Error: Could not get children of file(C:\Users\ZHANGB~1\AppData\Local\Temp\rust_mozprofilePRo219\thumbnails) because it does not exist
JavaScript error: , line 0: uncaught exception: null
JavaScript error: , line 0: uncaught exception: null
JavaScript error: , line 0: uncaught exception: null
JavaScript error: , line 0: uncaught exception: null
JavaScript error: , line 0: uncaught exception: null
JavaScript error: , line 0: uncaught exception: null
JavaScript error: , line 0: uncaught exception: null
JavaScript error: , line 0: uncaught exception: null
JavaScript error: , line 0: uncaught exception: null
JavaScript error: , line 0: uncaught exception: null
JavaScript error: , line 0: uncaught exception: null
JavaScript error: , line 0: uncaught exception: null
0: uncaught exception: null
JavaScript error: , line 0: uncaught exception: null
JavaScript error: , line 0: uncaught exception: null
JavaScript error: , line 0: uncaught exception: null
JavaScript error: , line 0: uncaught exception: null
JavaScript error: , line 0: uncaught exception: null
Firefox\\firefox.exe" "--marionette" "--headless" "--disable-gpu" "-foreground" "-no-remote" "-profile" "C:\\Users\\ZHANGB~1\\AppData\\Local\\Temp\\rust_mozprofilevJEnVk"
*** You are running in headless mode.
1658910351860	Marionette	INFO	Marionette enabled
1658910351864	Marionette	INFO	Listening on port 28423
1658910352174	RemoteAgent	WARN	TLS certificate errors will be ignored for this session
[GFX1-]: RenderCompositorSWGL failed mapping default framebuffer, no dt
console.warn: SearchSettings: "get: No settings file exists, new profile?" (new NotFoundError("Could not open the file at C:\\Users\\ZHANGB~1\\AppData\\Local\\Temp\\rust_mozprofilevJEnVk\\search.json.mozlz4", (void 0)))
console.warn: LoginRecipes: "getRecipes: falling back to a synchronous message for:" "http://192.168.99.158:9080"
console.warn: LoginRecipes: "getRecipes: falling back to a synchronous message for:" "http://192.168.99.158:9080"
JavaScript error: resource://gre/modules/LoginManagerParent.jsm, line 136: TypeError: gRecipeManager is null
1658910397694	Marionette	INFO	Stopped listening on port 28423
1658912364926	geckodriver	INFO	Listening on 127.0.0.1:35633
1658912367974	mozrunner::runner	INFO	Running command: "C:\\Program Files\\Mozilla Firefox\\firefox.exe" "--marionette" "-foreground" "-no-remote" "-profile" "C:\\Users\\ZHANGB~1\\AppData\\Local\\Temp\\rust_mozprofileVd3sH5"
1658912368229	Marionette	INFO	Marionette enabled
1658912368233	Marionette	INFO	Listening on port 35655
1658912368513	RemoteAgent	WARN	TLS certificate errors will be ignored for this session
console.warn: SearchSettings: "get: No settings file exists, new profile?" (new NotFoundError("Could not open the file at C:\\Users\\ZHANGB~1\\AppData\\Local\\Temp\\rust_mozprofileVd3sH5\\search.json.mozlz4", (void 0)))
1658912440338	Marionette	INFO	Stopped listening on port 35655
